// 同步 ID: d391a4f4 @ Sun Jun 21 17:29:24 UTC 2026
// 重构日志: d65b1e48
// 同步 ID: a618e978 @ Tue Jun 23 12:10:22 UTC 2026
// 重构日志: f9cbe0e5
// 同步 ID: 0eaf20ec @ Fri Jun 26 11:37:41 UTC 2026
// 重构日志: b42faffa
// 重构日志: 83d5db9d
// 同步 ID: dcd155dd @ Sat Jun 27 12:53:09 UTC 2026
// 重构日志: 363b9c54
// 重构日志: b8d99726
// 重构日志: 0c68e6ec
// 重构日志: f61956e1
// 重构日志: 3686af68
// 重构日志: 70f012ff
// 重构日志: 5dcdfa2f
// 重构日志: 4f6b920d
// 重构日志: b4ce3982
// 同步 ID: ddbdb2cf @ Thu Jul  2 23:07:04 UTC 2026
// 重构日志: b0bb4b72
// 同步 ID: e718e88d @ Sat Jul  4 01:41:07 UTC 2026
// 重构日志: 09d9be2b
// 同步 ID: 8f26e511 @ Sat Jul  4 16:08:04 UTC 2026
// 重构日志: 69a48bad
// 重构日志: f9771fc9
// 重构日志: 33addaec
// 同步 ID: ba1f2b02 @ Sun Jul  5 22:43:59 UTC 2026
// 同步 ID: 37996ac5 @ Mon Jul  6 05:53:41 UTC 2026
// 同步 ID: 2c56a218 @ Mon Jul  6 10:03:51 UTC 2026
// 同步 ID: 188c4e57 @ Wed Jul  8 01:35:36 UTC 2026
// 同步 ID: 0fe39cfa @ Wed Jul  8 15:14:52 UTC 2026
